<?xml version="1.0" encoding="UTF-8"?>
<beans xmlns="http://www.springframework.org/schema/beans"
	xmlns:xsi="http://www.w3.org/2001/XMLSchema-instance"
	xmlns:jdbc="http://www.springframework.org/schema/jdbc"
	xmlns:context="http://www.springframework.org/schema/context"
	xmlns:tx="http://www.springframework.org/schema/tx"
	xsi:schemaLocation="http://www.springframework.org/schema/jdbc http://www.springframework.org/schema/jdbc/spring-jdbc.xsd
		http://www.springframework.org/schema/beans http://www.springframework.org/schema/beans/spring-beans.xsd
		http://www.springframework.org/schema/tx http://www.springframework.org/schema/tx/spring-tx-3.1.xsd
		http://www.springframework.org/schema/context http://www.springframework.org/schema/context/spring-context.xsd">

	<!-- Create a Controller to test -->
    <bean class="accounts.web.AccountController"/>


    <!--       Use common configurations from rewards-db project       -->
    
	<!-- - - - - - - - - - - - - - - - - - - - - - - - - - - - - - - - -->
	<!--       Test database and transaction-manager configuration     -->
	<!-- - - - - - - - - - - - - - - - - - - - - - - - - - - - - - - - -->
	<import resource="classpath:rewards/internal/rewards-db-config.xml"/>

	<!-- - - - - - - - - - - - - - - - - - - - - - - - - - - - - - - - -->
	<!--                   Application configuration                   -->
	<!-- - - - - - - - - - - - - - - - - - - - - - - - - - - - - - - - -->
	<import resource="classpath:accounts/internal/accounts-app-config.xml"/>

</beans>
